<?xml version="1.0" encoding="UTF-8"?>
<testng-results skipped="0" failed="0" total="1" passed="1">
  <reporter-output>
  </reporter-output>
  <suite name="Default suite" duration-ms="13432" started-at="2018-04-10T04:11:32Z" finished-at="2018-04-10T04:11:45Z">
    <groups>
    </groups>
    <test name="Default test" duration-ms="13432" started-at="2018-04-10T04:11:32Z" finished-at="2018-04-10T04:11:45Z">
      <class name="scripts.TestScript">
        <test-method status="PASS" signature="beforeMethod(java.lang.reflect.Method)[pri:0, instance:scripts.TestScript@4e7dc304]" name="beforeMethod" is-config="true" duration-ms="18" started-at="2018-04-10T09:41:32Z" finished-at="2018-04-10T09:41:32Z">
          <params>
            <param index="0">
              <value>
                <![CDATA[public void scripts.TestScript.test()]]>
              </value>
            </param>
          </params>
          <reporter-output>
          </reporter-output>
        </test-method> <!-- beforeMethod -->
        <test-method status="PASS" signature="test()[pri:0, instance:scripts.TestScript@4e7dc304]" name="test" duration-ms="12948" started-at="2018-04-10T09:41:32Z" finished-at="2018-04-10T09:41:45Z">
          <reporter-output>
          </reporter-output>
        </test-method> <!-- test -->
        <test-method status="PASS" signature="afterMethod(org.testng.ITestResult)[pri:0, instance:scripts.TestScript@4e7dc304]" name="afterMethod" is-config="true" duration-ms="0" started-at="2018-04-10T09:41:45Z" finished-at="2018-04-10T09:41:45Z">
          <params>
            <param index="0">
              <value>
                <![CDATA[[TestResult name=test status=SUCCESS method=TestScript.test()[pri:0, instance:scripts.TestScript@4e7dc304] output={null}]]]>
              </value>
            </param>
          </params>
          <reporter-output>
          </reporter-output>
        </test-method> <!-- afterMethod -->
        <test-method status="PASS" signature="afterClass()[pri:0, instance:scripts.TestScript@4e7dc304]" name="afterClass" is-config="true" duration-ms="433" started-at="2018-04-10T09:41:45Z" finished-at="2018-04-10T09:41:45Z">
          <reporter-output>
          </reporter-output>
        </test-method> <!-- afterClass -->
      </class> <!-- scripts.TestScript -->
    </test> <!-- Default test -->
  </suite> <!-- Default suite -->
</testng-results>
